[2026-06-06 14:16:59.3140162] Console created
[2026-06-06 14:16:59.3211198] UE4SS - v4.0.0-beta.944 (0bfec09)
[2026-06-06 14:16:59.3212300] UE4SS-ETB - v1.3.0 (0a3cf5e)
[2026-06-06 14:16:59.3213472] Timezone: America/New_York
[2026-06-06 14:16:59.3214398] UE4SS Build Configuration: Game__Shipping__Win64 (MSVC)
[2026-06-06 14:16:59.3228016] Setting up mods...
[2026-06-06 14:16:59.3229190] Loading mods from: D:\SteamLibrary\steamapps\common\EscapeTheBackrooms\EscapeTheBackrooms\Binaries\Win64\ue4ss\Mods
[2026-06-06 14:16:59.3234085] Starting mods (from mods.txt (D:\SteamLibrary\steamapps\common\EscapeTheBackrooms\EscapeTheBackrooms\Binaries\Win64\ue4ss\Mods\mods.txt) load order)...
[2026-06-06 14:16:59.3236946] Starting mods (from enabled.txt (D:\SteamLibrary\steamapps\common\EscapeTheBackrooms\EscapeTheBackrooms\Binaries\Win64\ue4ss\Mods), no defined load order)...
[2026-06-06 14:16:59.3239316] No specific game configuration found, using default configuration file
[2026-06-06 14:16:59.3240417] Config: D:\SteamLibrary\steamapps\common\EscapeTheBackrooms\EscapeTheBackrooms\Binaries\Win64\ue4ss\UE4SS-settings.ini

[2026-06-06 14:16:59.3241306] root directory: D:\SteamLibrary\steamapps\common\EscapeTheBackrooms\EscapeTheBackrooms\Binaries\Win64\ue4ss
[2026-06-06 14:16:59.3242242] working directory: D:\SteamLibrary\steamapps\common\EscapeTheBackrooms\EscapeTheBackrooms\Binaries\Win64\ue4ss
[2026-06-06 14:16:59.3243171] game executable directory: D:\SteamLibrary\steamapps\common\EscapeTheBackrooms\EscapeTheBackrooms\Binaries\Win64
[2026-06-06 14:16:59.3244431] game executable: D:\SteamLibrary\steamapps\common\EscapeTheBackrooms\EscapeTheBackrooms\Binaries\Win64\Backrooms-Win64-Shipping.exe (83491840 bytes)


[2026-06-06 14:16:59.3245302] mods directories: 
[2026-06-06 14:16:59.3246026] [0] D:\SteamLibrary\steamapps\common\EscapeTheBackrooms\EscapeTheBackrooms\Binaries\Win64\ue4ss\Mods
[2026-06-06 14:16:59.3247092] 
[2026-06-06 14:16:59.3248009] log directory: D:\SteamLibrary\steamapps\common\EscapeTheBackrooms\EscapeTheBackrooms\Binaries\Win64\ue4ss
[2026-06-06 14:16:59.3249844] object dumper directory: D:\SteamLibrary\steamapps\common\EscapeTheBackrooms\EscapeTheBackrooms\Binaries\Win64\ue4ss


[2026-06-06 14:16:59.3267381] PS Scan attempt 1 (Phase 2)
[2026-06-06 14:16:59.3289912] [PS] Reading image
[2026-06-06 14:16:59.3294493] [PS] Starting scan
[2026-06-06 14:16:59.4416752] [PS] Scan finished in 112.1053ms
[2026-06-06 14:16:59.4418941] [PS] Found GUObjectArray: 0x7ff746d76760
[2026-06-06 14:16:59.4423563] [PS] Found GMalloc: 0x7ff746ce7e08
[2026-06-06 14:16:59.4424558] [PS] Found FName::ToString: 0x7ff74329b2b0
[2026-06-06 14:16:59.4425855] [PS] Found FName::FName(wchar_t*): 0x7ff74328ea90
[2026-06-06 14:16:59.4427251] [PS] Found StaticConstructObject_Internal: 0x7ff7434b6020
[2026-06-06 14:16:59.4428436] [PS] Found FUObjectHashTables::Get(): 0x7ff7434c4ea0
[2026-06-06 14:16:59.4430191] [PS] Found GNatives: 0x7ff746d75320
[2026-06-06 14:16:59.4431569] [PS] Found GameEngineTick: 0x7ff744bef8f0
[2026-06-06 14:16:59.4432551] PS scan successful
[2026-06-06 14:16:59.4439515] Running second pass of Lua override scans
[2026-06-06 14:16:59.4440600] Lua Scan attempt 1 (Phase 2)
[2026-06-06 14:16:59.4441767] Using engine version: 4.27
[2026-06-06 14:16:59.4442694] Waiting for object construction...
[2026-06-06 14:17:00.6057895] Locating KismetSystemLibrary...
[2026-06-06 14:17:00.6060607] Locating KismetSystemLibrary:Conv_NameToString...
[2026-06-06 14:17:00.6124257] Locating KismetSystemLibrary CDO...
[2026-06-06 14:17:00.6396818] Already constructed: ["/Script/CoreUObject", "Class"]
[2026-06-06 14:17:00.6398720] Already constructed: ["/Script/CoreUObject"]
[2026-06-06 14:17:00.6399687] Already constructed: ["/Script/CoreUObject", "Struct"]
[2026-06-06 14:17:00.6400656] Already constructed: ["/Script/Engine", "Pawn"]
[2026-06-06 14:17:00.6401670] Already constructed: ["/Script/Engine", "Character"]
[2026-06-06 14:17:00.6402603] Already constructed: ["/Script/Engine", "Actor"]
[2026-06-06 14:17:00.6404473] Already constructed: ["/Script/CoreUObject", "Vector"]
[2026-06-06 14:17:00.6408709] Already constructed: ["/Script/Engine", "Default__DefaultPawn"]
[2026-06-06 14:17:00.6410367] Already constructed: ["/Script/Engine", "HitResult"]
[2026-06-06 14:17:00.6416059] Need to construct: ["/Script/Engine", "Default__MaterialExpression"]
[2026-06-06 14:17:00.6417214] Already constructed: ["/Script/Engine", "ActorComponent"]
[2026-06-06 14:17:00.6418216] Already constructed: ["/Script/CoreUObject", "OrientedBox"]
[2026-06-06 14:17:00.6419169] Already constructed: ["/Script/Engine", "MovementComponent"]
[2026-06-06 14:17:00.6420277] Already constructed: ["/Script/Engine", "HUD"]
[2026-06-06 14:17:00.6421262] Already constructed: ["/Script/Engine", "PlayerController"]
[2026-06-06 14:17:00.6422471] Already constructed: ["/Script/Engine", "PlayerCameraManager"]
[2026-06-06 14:17:00.6423524] Already constructed: ["/Script/CoreUObject", "EInterpCurveMode"]
[2026-06-06 14:17:00.6424937] Already constructed: ["/Script/Engine", "ENetRole"]
[2026-06-06 14:17:00.6428781] Already constructed: ["/Script/MovieScene", "MovieSceneEditorData"]
[2026-06-06 14:17:00.6429897] Already constructed: ["/Script/UMG", "Widget"]
[2026-06-06 14:17:00.6430926] Already constructed: ["/Script/UMG", "ComboBoxString"]
[2026-06-06 14:17:00.6431885] Already constructed: ["/Script/CoreUObject", "Interface"]
[2026-06-06 14:17:00.6432570] Already constructed: ["/Script/CoreUObject", "DynamicClass"]
[2026-06-06 14:17:00.8947018] Constructed [1 / 1]: Default__MaterialExpression
[2026-06-06 14:17:01.4349614] GameEngine::LoadMap address 0x7ff745010dd0
[2026-06-06 14:17:01.4351380] GameEngine::Tick address (vtable: 0x7ff744bef8f0; scan: 0x7ff744bef8f0)
[2026-06-06 14:17:01.4360717] Using scan address for GameEngine::Tick
[2026-06-06 14:17:01.4366261] [UE4SS.EngineTick.GameThreadInitializer] Added prehook with Id '0X6020000000000001'!
[2026-06-06 14:17:01.4368250] GameModeBase::InitGameState address 0x7ff744c10d80
[2026-06-06 14:17:01.4369426] AActor::BeginPlay address 0x7ff74497b310
[2026-06-06 14:17:01.4370691] AActor::EndPlay address 0x7ff744981300
[2026-06-06 14:17:01.4372095] AActor::Tick address 0x7ff744997820
[2026-06-06 14:17:01.4373100] GameViewportClient::Tick address 0x7ff744c22230
[2026-06-06 14:17:01.4373871] ProcessEvent address 0x7ff7434aed10
[2026-06-06 14:17:01.4375111] ProcessConsoleExec address 0x7ff742955b20
[2026-06-06 14:17:01.4376793] UStruct::Link address 0x7ff743324130
[2026-06-06 14:17:01.4378279] [UE4SS-ETB] FSeamlessTravelHandler::Tick address 0x7ff74506f0c0
[2026-06-06 14:17:01.4380709] Constructed 1 of 1 objects
[2026-06-06 14:17:01.5722327] FText size detected as 0x18 bytes.
[2026-06-06 14:17:01.5727267] ProcessInternal address: 0x7ff7434af0d0
[2026-06-06 14:17:01.5731514] ProcessLocalScriptFunction address: 0x7ff7434af1f0
[2026-06-06 14:17:01.5732884] UnrealConfig.FExecVTableOffsetInLocalPlayer: 28
[2026-06-06 14:17:01.5733837] Post-initialization: GMalloc: 0x7ff746ce7e08 -> 0x1e1a0275c60
[2026-06-06 14:17:01.5734738] Starting callback garbage collector![2026-06-06 14:17:01.5744378] [UE4SS.StaticConstructObject.ObjectSearcherPoolHook] Added posthook with Id '0X9000000000000001'!
[2026-06-06 14:17:01.5746157] 
##### MEMBER OFFSETS START (Coalesced) #####

[2026-06-06 14:17:01.5747900] UObjectBase::NamePrivate = 0x18
[2026-06-06 14:17:01.5749660] UObjectBase::ObjectFlags = 0x8
[2026-06-06 14:17:01.5751006] UObjectBase::World = 0x78
[2026-06-06 14:17:01.5752351] UObjectBase::ActiveSplitscreenType = 0x70
[2026-06-06 14:17:01.5753350] UObjectBase::ViewportConsole = 0x40
[2026-06-06 14:17:01.5754366] UObjectBase::bUseSoftwareCursorWidgets = 0x230
[2026-06-06 14:17:01.5755244] UObjectBase::ClassPrivate = 0x10
[2026-06-06 14:17:01.5756160] UObjectBase::bNetLoadOnClient = 0x59
[2026-06-06 14:17:01.5757259] UObjectBase::InternalIndex_Private = 0xC
[2026-06-06 14:17:01.5758027] UObjectBase::bAllowTickBeforeBeginPlay = 0x59
[2026-06-06 14:17:01.5759331] UObjectBase::InputPriority = 0xF4
[2026-06-06 14:17:01.5760358] UObjectBase::bForceNetAddressable = 0x58
[2026-06-06 14:17:01.5761718] UObjectBase::bDisableSplitScreenOverride = 0x358
[2026-06-06 14:17:01.5762523] UObjectBase::Window = 0xF8
[2026-06-06 14:17:01.5763402] UObjectBase::OuterPrivate = 0x20
[2026-06-06 14:17:01.5764153] UObjectBase::bAlwaysRelevant = 0x58
[2026-06-06 14:17:01.5765014] UObjectBase::HardwareCursorCache = 0x140
[2026-06-06 14:17:01.5765754] UObjectBase::DebugProperties = 0x48
[2026-06-06 14:17:01.5766912] UObjectBase::bReplayRewindable = 0x59
[2026-06-06 14:17:01.5767998] UObjectBase::bHidden = 0x58
[2026-06-06 14:17:01.5769140] UObjectBase::CurrentBufferVisualizationMode = 0x128
[2026-06-06 14:17:01.5770412] UObjectBase::UEP_TotalSize = 0x28
[2026-06-06 14:17:01.5771321] UObjectBase::SplitscreenInfo = 0x58
[2026-06-06 14:17:01.5771955] UObjectBase::ViewportOverlayWidget = 0x108
[2026-06-06 14:17:01.5774001] UObjectBase::OnEndPlay = 0x18F
[2026-06-06 14:17:01.5775049] UObjectBase::bHasAudioFocus = 0xF4
[2026-06-06 14:17:01.5775863] UObjectBase::MaxSplitscreenPlayers = 0x68
[2026-06-06 14:17:01.5776669] UObjectBase::bIsEditorOnlyActor = 0x5A
[2026-06-06 14:17:01.5777770] UObjectBase::ActorHasBegunPlay = 0x5C
[2026-06-06 14:17:01.5779490] UObjectBase::bNetTemporary = 0x58
[2026-06-06 14:17:01.5780523] UObjectBase::bShowTitleSafeZone = 0x6C
[2026-06-06 14:17:01.5781547] UObjectBase::bIsPlayInEditorViewport = 0x6C
[2026-06-06 14:17:01.5784087] UObjectBase::bDisableWorldRendering = 0x6C
[2026-06-06 14:17:01.5785577] UObjectBase::bTearOff = 0x58
[2026-06-06 14:17:01.5786931] UObjectBase::bSuppressTransitionMessage = 0x88
[2026-06-06 14:17:01.5788526] UObjectBase::bReplicateMovement = 0x58
[2026-06-06 14:17:01.5789551] UObjectBase::ViewModeIndex = 0xB0
[2026-06-06 14:17:01.5790483] UObjectBase::bNetUseOwnerRelevancy = 0x59
[2026-06-06 14:17:01.5791125] UObjectBase::AutoReceiveInput = 0xF3
[2026-06-06 14:17:01.5791716] UObjectBase::EngineShowFlags = 0xB8
[2026-06-06 14:17:01.5792831] UObjectBase::Viewport = 0xE0
[2026-06-06 14:17:01.5793734] UObjectBase::bFindCameraComponentWhenViewTarget = 0x5A
[2026-06-06 14:17:01.5794525] UObjectBase::MouseLockMode = 0x35C
[2026-06-06 14:17:01.5795738] UObjectBase::ViewportFrame = 0xE8
[2026-06-06 14:17:01.5796685] UObjectBase::AudioDeviceHandle = 0xF0
[2026-06-06 14:17:01.5797858] UObjectBase::GameLayerManagerPtr = 0x118
[2026-06-06 14:17:01.5798674] UObjectBase::HighResScreenshotDialog = 0x130
[2026-06-06 14:17:01.5800033] UObjectBase::HardwareCursors = 0x190
[2026-06-06 14:17:01.5801475] UObjectBase::CursorWidgets = 0x1E0
[2026-06-06 14:17:01.5802833] UObjectBase::StatUnitData = 0x348
[2026-06-06 14:17:01.5803433] UObjectBase::OnBeginCursorOver = 0x185
[2026-06-06 14:17:01.5804063] UObjectBase::StatHitchesData = 0x350
[2026-06-06 14:17:01.5804906] UObjectBase::bIgnoreInput = 0x359
[2026-06-06 14:17:01.5805905] UObjectBase::MouseCaptureMode = 0x35A
[2026-06-06 14:17:01.5806866] UObjectBase::bHideCursorDuringCapture = 0x35B
[2026-06-06 14:17:01.5808040] UObjectBase::bActorEnableCollision = 0x5C
[2026-06-06 14:17:01.5808841] UObjectBase::bIsMouseOverClient = 0x35D
[2026-06-06 14:17:01.5809651] UObjectBase::PrimaryActorTick = 0x28
[2026-06-06 14:17:01.5810620] UObjectBase::bActorIsBeingConstructed = 0x168
[2026-06-06 14:17:01.5811633] UObjectBase::bNetStartup = 0x58
[2026-06-06 14:17:01.5812628] UObjectBase::bOnlyRelevantToOwner = 0x58
[2026-06-06 14:17:01.5813523] UObjectBase::bExchangedRoles = 0x59
[2026-06-06 14:17:01.5814736] UObjectBase::bGenerateOverlapEventsDuringLevelStreaming = 0x5A
[2026-06-06 14:17:01.5816013] UObjectBase::bCollideWhenPlacing = 0x5A
[2026-06-06 14:17:01.5817237] UObjectBase::bRelevantForNetworkReplays = 0x59
[2026-06-06 14:17:01.5818160] UObjectBase::bEnableAutoLODGeneration = 0x5A
[2026-06-06 14:17:01.5819166] UObjectBase::bRelevantForLevelBounds = 0x59
[2026-06-06 14:17:01.5820400] UObjectBase::bAutoDestroyWhenFinished = 0x59
[2026-06-06 14:17:01.5821255] UObjectBase::bCanBeDamaged = 0x5A
[2026-06-06 14:17:01.5822744] UObjectBase::bIgnoresOriginShifting = 0x5A
[2026-06-06 14:17:01.5823920] UObjectBase::bBlockInput = 0x5A
[2026-06-06 14:17:01.5824956] UObjectBase::bActorSeamlessTraveled = 0x5B
[2026-06-06 14:17:01.5826006] UObjectBase::bReplicates = 0x5B
[2026-06-06 14:17:01.5826806] UObjectBase::bCanBeInCluster = 0x5B
[2026-06-06 14:17:01.5827934] UObjectBase::bAllowReceiveTickEventOnDedicatedServer = 0x5B
[2026-06-06 14:17:01.5829050] UObjectBase::bNetCheckedInitialPhysicsState = 0x5B
[2026-06-06 14:17:01.5830130] UObjectBase::bHasFinishedSpawning = 0x5B
[2026-06-06 14:17:01.5830939] UObjectBase::bActorInitialized = 0x5B
[2026-06-06 14:17:01.5831888] UObjectBase::bActorBeginningPlayFromLevelStreaming = 0x5B
[2026-06-06 14:17:01.5832898] UObjectBase::bTickFunctionsRegistered = 0x5C
[2026-06-06 14:17:01.5833722] UObjectBase::AttachmentReplication = 0xA0
[2026-06-06 14:17:01.5834425] UObjectBase::bHasDeferredComponentRegistration = 0x5C
[2026-06-06 14:17:01.5835292] UObjectBase::bRunningUserConstructionScript = 0x5C
[2026-06-06 14:17:01.5836302] UObjectBase::bActorIsBeingDestroyed = 0x5C
[2026-06-06 14:17:01.5837125] UObjectBase::bActorWantsDestroyDuringBeginPlay = 0x5C
[2026-06-06 14:17:01.5837836] UObjectBase::UpdateOverlapsMethodDuringLevelStreaming = 0x5D
[2026-06-06 14:17:01.5838584] UObjectBase::DefaultUpdateOverlapsMethodDuringLevelStreaming = 0x5E
[2026-06-06 14:17:01.5839726] UObjectBase::RemoteRole = 0x5F
[2026-06-06 14:17:01.5840576] UObjectBase::ReplicatedMovement = 0x60
[2026-06-06 14:17:01.5841489] UObjectBase::InitialLifeSpan = 0x94
[2026-06-06 14:17:01.5842479] UObjectBase::CustomTimeDilation = 0x98
[2026-06-06 14:17:01.5843322] UObjectBase::CreationTime = 0x9C
[2026-06-06 14:17:01.5844346] UObjectBase::Owner = 0xE0
[2026-06-06 14:17:01.5845377] UObjectBase::NetDormancy = 0xF1
[2026-06-06 14:17:01.5846326] UObjectBase::NetDriverName = 0xE8
[2026-06-06 14:17:01.5847224] UObjectBase::Role = 0xF0
[2026-06-06 14:17:01.5848295] UObjectBase::SpawnCollisionHandlingMethod = 0xF2
[2026-06-06 14:17:01.5849883] UObjectBase::InputComponent = 0xF8
[2026-06-06 14:17:01.5850662] UObjectBase::NetCullDistanceSquared = 0x100
[2026-06-06 14:17:01.5851622] UObjectBase::NetTag = 0x104
[2026-06-06 14:17:01.5852514] UObjectBase::NetUpdateFrequency = 0x108
[2026-06-06 14:17:01.5853296] UObjectBase::MinNetUpdateFrequency = 0x10C
[2026-06-06 14:17:01.5854115] UObjectBase::NetPriority = 0x110
[2026-06-06 14:17:01.5854923] UObjectBase::LastRenderTime = 0x114
[2026-06-06 14:17:01.5855652] UObjectBase::Children = 0x120
[2026-06-06 14:17:01.5856476] UObjectBase::RootComponent = 0x130
[2026-06-06 14:17:01.5857167] UObjectBase::ControllingMatineeActors = 0x138
[2026-06-06 14:17:01.5858118] UObjectBase::TimerHandle_LifeSpanExpired = 0x148
[2026-06-06 14:17:01.5858996] UObjectBase::Layers = 0x150
[2026-06-06 14:17:01.5859851] UObjectBase::ParentComponent = 0x160
[2026-06-06 14:17:01.5860455] UObjectBase::Tags = 0x170
[2026-06-06 14:17:01.5861508] UObjectBase::OnTakeAnyDamage = 0x180
[2026-06-06 14:17:01.5862889] UObjectBase::OnTakePointDamage = 0x181
[2026-06-06 14:17:01.5864272] UObjectBase::OnTakeRadialDamage = 0x182
[2026-06-06 14:17:01.5865443] UObjectBase::OnActorBeginOverlap = 0x183
[2026-06-06 14:17:01.5883257] UObjectBase::OnActorEndOverlap = 0x184
[2026-06-06 14:17:01.5884553] UObjectBase::OnEndCursorOver = 0x186
[2026-06-06 14:17:01.5885403] UObjectBase::OnClicked = 0x187
[2026-06-06 14:17:01.5886342] UObjectBase::OnReleased = 0x188
[2026-06-06 14:17:01.5887303] UObjectBase::OnInputTouchBegin = 0x189
[2026-06-06 14:17:01.5888758] UObjectBase::OnInputTouchEnd = 0x18A
[2026-06-06 14:17:01.5890056] UObjectBase::OnInputTouchEnter = 0x18B
[2026-06-06 14:17:01.5891060] UObjectBase::OnInputTouchLeave = 0x18C
[2026-06-06 14:17:01.5892379] UObjectBase::OnActorHit = 0x18D
[2026-06-06 14:17:01.5893269] UObjectBase::OnDestroyed = 0x18E
[2026-06-06 14:17:01.5894345] UObjectBase::DetachFence = 0x210
[2026-06-06 14:17:01.5895802] UScriptStruct::ICppStructOps::Size = 0x8
[2026-06-06 14:17:01.5896934] UScriptStruct::ICppStructOps::Alignment = 0xC
[2026-06-06 14:17:01.5898497] UScriptStruct::ICppStructOps::UEP_TotalSize = 0x10
[2026-06-06 14:17:01.5899850] UStruct::SuperStruct = 0x40
[2026-06-06 14:17:01.5900764] UStruct::ChildProperties = 0x50
[2026-06-06 14:17:01.5902810] UStruct::Children = 0x48
[2026-06-06 14:17:01.5904093] UStruct::PropertiesSize = 0x58
[2026-06-06 14:17:01.5905479] UStruct::UnresolvedScriptProperties = 0xA0
[2026-06-06 14:17:01.5906637] UStruct::MinAlignment = 0x5C
[2026-06-06 14:17:01.5907859] UStruct::PropertyLink = 0x70
[2026-06-06 14:17:01.5908905] UStruct::Script = 0x60
[2026-06-06 14:17:01.5909535] UStruct::RefLink = 0x78
[2026-06-06 14:17:01.5910454] UStruct::DestructorLink = 0x80
[2026-06-06 14:17:01.5911971] UStruct::PostConstructLink = 0x88
[2026-06-06 14:17:01.5913196] UStruct::ScriptAndPropertyObjectReferences = 0x90
[2026-06-06 14:17:01.5914637] UStruct::UEP_TotalSize = 0xB0
[2026-06-06 14:17:01.5915816] UScriptStruct::UEP_TotalSize = 0xC0
[2026-06-06 14:17:01.5917106] UScriptStruct::CppStructOps = 0xB8
[2026-06-06 14:17:01.5918315] UScriptStruct::StructFlags = 0xB0
[2026-06-06 14:17:01.5919170] UScriptStruct::bPrepareCppStructOpsCompleted = 0xB4
[2026-06-06 14:17:01.5920177] UClass::ClassAddReferencedObjects = 0xC0
[2026-06-06 14:17:01.5920882] UClass::ClassConstructor = 0xB0
[2026-06-06 14:17:01.5921931] UClass::ClassVTableHelperCtorCaller = 0xB8
[2026-06-06 14:17:01.5923557] UClass::ClassUnique = 0xC8
[2026-06-06 14:17:01.5924953] UClass::ClassWithin = 0xD8
[2026-06-06 14:17:01.5926137] UClass::ClassConfigName = 0xE8
[2026-06-06 14:17:01.5927343] UClass::bCooked = 0xC8
[2026-06-06 14:17:01.5928836] UClass::ClassFlags = 0xCC
[2026-06-06 14:17:01.5929906] UClass::ClassCastFlags = 0xD0
[2026-06-06 14:17:01.5930854] UClass::ClassGeneratedBy = 0xE0
[2026-06-06 14:17:01.5932104] UClass::NetFields = 0x100
[2026-06-06 14:17:01.5933660] UClass::ReferenceTokenStream = 0x1E8
[2026-06-06 14:17:01.5934835] UClass::FirstOwnedClassRep = 0x110
[2026-06-06 14:17:01.5936475] UClass::ClassDefaultObject = 0x118
[2026-06-06 14:17:01.5938188] UClass::SparseClassData = 0x120
[2026-06-06 14:17:01.5939519] UClass::SparseClassDataStruct = 0x128
[2026-06-06 14:17:01.5940550] UClass::FuncMap = 0x130
[2026-06-06 14:17:01.5941940] UClass::SuperFuncMap = 0x180
[2026-06-06 14:17:01.5942683] UClass::Interfaces = 0x1D8
[2026-06-06 14:17:01.5943621] UClass::NativeFunctionLookupTable = 0x220
[2026-06-06 14:17:01.5945088] UClass::UEP_TotalSize = 0x230
[2026-06-06 14:17:01.5945908] UEnum::CppType = 0x30
[2026-06-06 14:17:01.5946872] UEnum::EnumFlags_Internal = 0x54
[2026-06-06 14:17:01.5951060] UEnum::Names = 0x40
[2026-06-06 14:17:01.5952261] UEnum::CppForm = 0x50
[2026-06-06 14:17:01.5955409] UEnum::EnumDisplayNameFn = 0x58
[2026-06-06 14:17:01.5957820] UEnum::UEP_TotalSize = 0x60
[2026-06-06 14:17:01.5959209] UFunction::FunctionFlags = 0xB0
[2026-06-06 14:17:01.5961628] UFunction::NumParms = 0xB4
[2026-06-06 14:17:01.5963992] UFunction::ParmsSize = 0xB6
[2026-06-06 14:17:01.5966690] UFunction::FirstPropertyToInit = 0xC0
[2026-06-06 14:17:01.5969696] UFunction::RPCId = 0xBA
[2026-06-06 14:17:01.5970798] UFunction::ReturnValueOffset = 0xB8
[2026-06-06 14:17:01.5972199] UFunction::RPCResponseId = 0xBC
[2026-06-06 14:17:01.5973783] UFunction::EventGraphFunction = 0xC8
[2026-06-06 14:17:01.5975160] UFunction::EventGraphCallOffset = 0xD0
[2026-06-06 14:17:01.5976309] UFunction::Func = 0xD8
[2026-06-06 14:17:01.5977349] UFunction::UEP_TotalSize = 0xE0
[2026-06-06 14:17:01.5978186] UField::Next = 0x28
[2026-06-06 14:17:01.5979241] UField::UEP_TotalSize = 0x30
[2026-06-06 14:17:01.5980245] FField::ClassPrivate = 0x8
[2026-06-06 14:17:01.5981462] FField::Owner = 0x10
[2026-06-06 14:17:01.5982334] FField::Next = 0x20
[2026-06-06 14:17:01.5983157] FField::FlagsPrivate = 0x30
[2026-06-06 14:17:01.5984246] FField::NamePrivate = 0x28
[2026-06-06 14:17:01.5985041] FField::UEP_TotalSize = 0x38
[2026-06-06 14:17:01.5985965] FProperty::RepIndex = 0x48
[2026-06-06 14:17:01.5986876] FProperty::ArrayDim = 0x38
[2026-06-06 14:17:01.5987872] FProperty::ElementSize = 0x3C
[2026-06-06 14:17:01.5988544] FProperty::PropertyLinkNext = 0x58
[2026-06-06 14:17:01.5989210] FProperty::PropertyFlags = 0x40
[2026-06-06 14:17:01.5989963] FProperty::Offset_Internal = 0x4C
[2026-06-06 14:17:01.5990859] FProperty::RepNotifyFunc = 0x50
[2026-06-06 14:17:01.5991960] FProperty::NextRef = 0x60
[2026-06-06 14:17:01.5993055] FProperty::DestructorLinkNext = 0x68
[2026-06-06 14:17:01.5994918] FProperty::PostConstructLinkNext = 0x70
[2026-06-06 14:17:01.5996327] FProperty::UEP_TotalSize = 0x78
[2026-06-06 14:17:01.5997077] FNumericProperty::RepIndex = 0x48
[2026-06-06 14:17:01.5997762] FNumericProperty::ArrayDim = 0x38
[2026-06-06 14:17:01.5998599] FNumericProperty::ElementSize = 0x3C
[2026-06-06 14:17:01.5999353] FNumericProperty::PropertyLinkNext = 0x58
[2026-06-06 14:17:01.5999974] FNumericProperty::PropertyFlags = 0x40
[2026-06-06 14:17:01.6001294] FNumericProperty::Offset_Internal = 0x4C
[2026-06-06 14:17:01.6002220] FNumericProperty::RepNotifyFunc = 0x50
[2026-06-06 14:17:01.6002958] FNumericProperty::NextRef = 0x60
[2026-06-06 14:17:01.6003928] FNumericProperty::DestructorLinkNext = 0x68
[2026-06-06 14:17:01.6004902] FNumericProperty::PostConstructLinkNext = 0x70
[2026-06-06 14:17:01.6005777] FNumericProperty::UEP_TotalSize = 0x78
[2026-06-06 14:17:01.6006662] FObjectPropertyBase::PropertyClass = 0x78
[2026-06-06 14:17:01.6007748] FObjectPropertyBase::UEP_TotalSize = 0x80
[2026-06-06 14:17:01.6008526] FStructProperty::Struct = 0x78
[2026-06-06 14:17:01.6009428] FStructProperty::UEP_TotalSize = 0x80
[2026-06-06 14:17:01.6010596] FArrayProperty::ArrayFlags = 0x80
[2026-06-06 14:17:01.6011475] FArrayProperty::Inner = 0x78
[2026-06-06 14:17:01.6012534] FArrayProperty::UEP_TotalSize = 0x88
[2026-06-06 14:17:01.6013347] FMapProperty::KeyProp = 0x78
[2026-06-06 14:17:01.6014223] FMapProperty::MapLayout = 0x88
[2026-06-06 14:17:01.6015658] FMapProperty::ValueProp = 0x80
[2026-06-06 14:17:01.6030207] FMapProperty::MapFlags = 0xA0
[2026-06-06 14:17:01.6031626] FMapProperty::UEP_TotalSize = 0xA8
[2026-06-06 14:17:01.6032804] FSetProperty::ElementProp = 0x78
[2026-06-06 14:17:01.6033777] FSetProperty::UEP_TotalSize = 0x98
[2026-06-06 14:17:01.6034698] FSetProperty::SetLayout = 0x80
[2026-06-06 14:17:01.6035444] FBoolProperty::ByteOffset = 0x79
[2026-06-06 14:17:01.6036087] FBoolProperty::FieldSize = 0x78
[2026-06-06 14:17:01.6037046] FBoolProperty::FieldMask = 0x7B
[2026-06-06 14:17:01.6038022] FBoolProperty::ByteMask = 0x7A
[2026-06-06 14:17:01.6039118] FBoolProperty::UEP_TotalSize = 0x80
[2026-06-06 14:17:01.6040514] FByteProperty::Enum = 0x78
[2026-06-06 14:17:01.6041454] FByteProperty::UEP_TotalSize = 0x80
[2026-06-06 14:17:01.6042364] FEnumProperty::UEP_TotalSize = 0x88
[2026-06-06 14:17:01.6043521] FEnumProperty::UnderlyingProp = 0x78
[2026-06-06 14:17:01.6044533] FEnumProperty::Enum = 0x80
[2026-06-06 14:17:01.6045634] FClassProperty::MetaClass = 0x80
[2026-06-06 14:17:01.6046644] FClassProperty::UEP_TotalSize = 0x88
[2026-06-06 14:17:01.6047765] FSoftClassProperty::MetaClass = 0x80
[2026-06-06 14:17:01.6048949] FSoftClassProperty::UEP_TotalSize = 0x88
[2026-06-06 14:17:01.6049896] FDelegateProperty::SignatureFunction = 0x78
[2026-06-06 14:17:01.6050660] FDelegateProperty::UEP_TotalSize = 0x80
[2026-06-06 14:17:01.6051534] FMulticastDelegateProperty::SignatureFunction = 0x78
[2026-06-06 14:17:01.6052697] FMulticastDelegateProperty::UEP_TotalSize = 0x80
[2026-06-06 14:17:01.6054476] FInterfaceProperty::InterfaceClass = 0x78
[2026-06-06 14:17:01.6055726] FInterfaceProperty::UEP_TotalSize = 0x80
[2026-06-06 14:17:01.6056846] FFieldPathProperty::PropertyClass = 0x78
[2026-06-06 14:17:01.6057780] FFieldPathProperty::UEP_TotalSize = 0x80
[2026-06-06 14:17:01.6058846] FWorldContext::ThisCurrentWorld = 0x280
[2026-06-06 14:17:01.6059714] FWorldContext::ExternalReferences = 0x270
[2026-06-06 14:17:01.6060362] FWorldContext::LastRemoteURL = 0x138
[2026-06-06 14:17:01.6061082] FWorldContext::ContextHandle = 0xB0
[2026-06-06 14:17:01.6062287] FWorldContext::PendingMapChangeFailureDescription = 0x1D8
[2026-06-06 14:17:01.6063606] FWorldContext::TravelURL = 0xB8
[2026-06-06 14:17:01.6064893] FWorldContext::TravelType = 0xC8
[2026-06-06 14:17:01.6066146] FWorldContext::LastURL = 0xD0
[2026-06-06 14:17:01.6067021] FWorldContext::LevelsToLoadForPendingMapChange = 0x1B8
[2026-06-06 14:17:01.6068174] FWorldContext::bShouldCommitPendingMapChange = 0x1E8
[2026-06-06 14:17:01.6069871] FWorldContext::GameViewport = 0x210
[2026-06-06 14:17:01.6070886] FWorldContext::PIEInstance = 0x230
[2026-06-06 14:17:01.6071910] FWorldContext::PIEFixedTickSeconds = 0x268
[2026-06-06 14:17:01.6073339] FWorldContext::PIEPrefix = 0x238
[2026-06-06 14:17:01.6074455] FWorldContext::RunAsDedicated = 0x24C
[2026-06-06 14:17:01.6075799] FWorldContext::bWaitingOnOnlineSubsystem = 0x24D
[2026-06-06 14:17:01.6076796] FWorldContext::AudioDeviceID = 0x250
[2026-06-06 14:17:01.6078059] FWorldContext::CustomDescription = 0x258
[2026-06-06 14:17:01.6079248] FWorldContext::PIEAccumulatedTickSeconds = 0x26C
[2026-06-06 14:17:01.6080238] FWorldContext::UEP_TotalSize = 0x288
[2026-06-06 14:17:01.6081267] FOutputDevice::bSuppressEventTag = 0x8
[2026-06-06 14:17:01.6082176] FOutputDevice::bAutoEmitLineTerminator = 0x9
[2026-06-06 14:17:01.6083750] FOutputDevice::UEP_TotalSize = 0x10
[2026-06-06 14:17:01.6085606] FArchiveState::ArIsTextFormat = 0x28
[2026-06-06 14:17:01.6086829] FArchiveState::ArIsLoading = 0x28
[2026-06-06 14:17:01.6087923] FArchiveState::ArPortFlags = 0x30
[2026-06-06 14:17:01.6089313] FArchiveState::ArIsTransacting = 0x28
[2026-06-06 14:17:01.6090396] FArchiveState::ArIsSaving = 0x28
[2026-06-06 14:17:01.6091452] FArchiveState::ArForceUnicode = 0x28
[2026-06-06 14:17:01.6092871] FArchiveState::ArIsModifyingWeakAndStrongReferences = 0x2A
[2026-06-06 14:17:01.6093947] FArchiveState::ArUseUnversionedPropertySerialization = 0x28
[2026-06-06 14:17:01.6095472] FArchiveState::ArWantBinaryPropertySerialization = 0x28
[2026-06-06 14:17:01.6097087] FArchiveState::ArIsObjectReferenceCollector = 0x2A
[2026-06-06 14:17:01.6098221] FArchiveState::ArIsPersistent = 0x28
[2026-06-06 14:17:01.6100049] FArchiveState::ArForceByteSwapping = 0x29
[2026-06-06 14:17:01.6100907] FArchiveState::ArIsError = 0x29
[2026-06-06 14:17:01.6101761] FArchiveState::ArIsCriticalError = 0x29
[2026-06-06 14:17:01.6102964] FArchiveState::ArCustomPropertyList = 0x68
[2026-06-06 14:17:01.6104050] FArchiveState::ArContainsCode = 0x29
[2026-06-06 14:17:01.6105559] FArchiveState::ArIsNetArchive = 0x2B
[2026-06-06 14:17:01.6106455] FArchiveState::ArContainsMap = 0x29
[2026-06-06 14:17:01.6107153] FArchiveState::ArRequiresLocalizationGather = 0x29
[2026-06-06 14:17:01.6107989] FArchiveState::ArIgnoreArchetypeRef = 0x29
[2026-06-06 14:17:01.6109282] FArchiveState::ArNoDelta = 0x29
[2026-06-06 14:17:01.6110144] FArchiveState::ArNoIntraPropertyDelta = 0x2A
[2026-06-06 14:17:01.6111283] FArchiveState::ArIgnoreOuterRef = 0x2A
[2026-06-06 14:17:01.6112156] FArchiveState::ArIgnoreClassGeneratedByRef = 0x2A
[2026-06-06 14:17:01.6112923] FArchiveState::ArIgnoreClassRef = 0x2A
[2026-06-06 14:17:01.6113613] FArchiveState::ArAllowLazyLoading = 0x2A
[2026-06-06 14:17:01.6114312] FArchiveState::NextProxy = 0x90
[2026-06-06 14:17:01.6117723] FArchiveState::ArIsCountingMemory = 0x2A
[2026-06-06 14:17:01.6118838] FArchiveState::bCustomVersionsAreReset = 0x88
[2026-06-06 14:17:01.6120214] FArchiveState::ArEngineNetVer = 0x54
[2026-06-06 14:17:01.6121912] FArchiveState::ArShouldSkipBulkData = 0x2B
[2026-06-06 14:17:01.6123236] FArchiveState::ArIsFilterEditorOnly = 0x2B
[2026-06-06 14:17:01.6124605] FArchiveState::ArIsSaveGame = 0x2B
[2026-06-06 14:17:01.6125551] FArchiveState::ArUseCustomPropertyList = 0x2B
[2026-06-06 14:17:01.6126441] FArchiveState::UEP_TotalSize = 0x98
[2026-06-06 14:17:01.6127568] FArchiveState::ArSerializingDefaults = 0x2C
[2026-06-06 14:17:01.6128331] FArchiveState::ArMaxSerializeSize = 0x38
[2026-06-06 14:17:01.6129303] FArchiveState::ArUE4Ver = 0x40
[2026-06-06 14:17:01.6130017] FArchiveState::ArLicenseeUE4Ver = 0x44
[2026-06-06 14:17:01.6131134] FArchiveState::ArEngineVer = 0x48
[2026-06-06 14:17:01.6131860] FArchiveState::ArGameNetVer = 0x58
[2026-06-06 14:17:01.6132716] FArchiveState::CustomVersionContainer = 0x60
[2026-06-06 14:17:01.6133778] FArchiveState::CookingTargetPlatform = 0x70
[2026-06-06 14:17:01.6134681] FArchiveState::SerializedProperty = 0x78
[2026-06-06 14:17:01.6135624] AActor::NamePrivate = 0x18
[2026-06-06 14:17:01.6136516] AActor::ObjectFlags = 0x8
[2026-06-06 14:17:01.6137431] AActor::World = 0x78
[2026-06-06 14:17:01.6138103] AActor::ActiveSplitscreenType = 0x70
[2026-06-06 14:17:01.6138994] AActor::ViewportConsole = 0x40
[2026-06-06 14:17:01.6140126] AActor::bUseSoftwareCursorWidgets = 0x230
[2026-06-06 14:17:01.6141639] AActor::ClassPrivate = 0x10
[2026-06-06 14:17:01.6142912] AActor::bNetLoadOnClient = 0x59
[2026-06-06 14:17:01.6144328] AActor::InternalIndex_Private = 0xC
[2026-06-06 14:17:01.6145467] AActor::bAllowTickBeforeBeginPlay = 0x59
[2026-06-06 14:17:01.6146396] AActor::InputPriority = 0xF4
[2026-06-06 14:17:01.6147138] AActor::bForceNetAddressable = 0x58
[2026-06-06 14:17:01.6148174] AActor::bDisableSplitScreenOverride = 0x358
[2026-06-06 14:17:01.6149354] AActor::Window = 0xF8
[2026-06-06 14:17:01.6150161] AActor::OuterPrivate = 0x20
[2026-06-06 14:17:01.6151084] AActor::bAlwaysRelevant = 0x58
[2026-06-06 14:17:01.6152159] AActor::HardwareCursorCache = 0x140
[2026-06-06 14:17:01.6153121] AActor::DebugProperties = 0x48
[2026-06-06 14:17:01.6154250] AActor::bReplayRewindable = 0x59
[2026-06-06 14:17:01.6155501] AActor::bHidden = 0x58
[2026-06-06 14:17:01.6156387] AActor::CurrentBufferVisualizationMode = 0x128
[2026-06-06 14:17:01.6157013] AActor::UEP_TotalSize = 0x28
[2026-06-06 14:17:01.6157800] AActor::SplitscreenInfo = 0x58
[2026-06-06 14:17:01.6158738] AActor::ViewportOverlayWidget = 0x108
[2026-06-06 14:17:01.6159649] AActor::OnEndPlay = 0x18F
[2026-06-06 14:17:01.6160908] AActor::bHasAudioFocus = 0xF4
[2026-06-06 14:17:01.6162556] AActor::MaxSplitscreenPlayers = 0x68
[2026-06-06 14:17:01.6163866] AActor::bIsEditorOnlyActor = 0x5A
[2026-06-06 14:17:01.6165108] AActor::ActorHasBegunPlay = 0x5C
[2026-06-06 14:17:01.6166212] AActor::bNetTemporary = 0x58
[2026-06-06 14:17:01.6166932] AActor::bShowTitleSafeZone = 0x6C
[2026-06-06 14:17:01.6167698] AActor::bIsPlayInEditorViewport = 0x6C
[2026-06-06 14:17:01.6168664] AActor::bDisableWorldRendering = 0x6C
[2026-06-06 14:17:01.6169486] AActor::bTearOff = 0x58
[2026-06-06 14:17:01.6170300] AActor::bSuppressTransitionMessage = 0x88
[2026-06-06 14:17:01.6171029] AActor::bReplicateMovement = 0x58
[2026-06-06 14:17:01.6172039] AActor::ViewModeIndex = 0xB0
[2026-06-06 14:17:01.6172702] AActor::bNetUseOwnerRelevancy = 0x59
[2026-06-06 14:17:01.6173636] AActor::AutoReceiveInput = 0xF3
[2026-06-06 14:17:01.6174448] AActor::EngineShowFlags = 0xB8
[2026-06-06 14:17:01.6175486] AActor::Viewport = 0xE0
[2026-06-06 14:17:01.6176285] AActor::bFindCameraComponentWhenViewTarget = 0x5A
[2026-06-06 14:17:01.6196187] AActor::MouseLockMode = 0x35C
[2026-06-06 14:17:01.6197043] AActor::ViewportFrame = 0xE8
[2026-06-06 14:17:01.6197874] AActor::AudioDeviceHandle = 0xF0
[2026-06-06 14:17:01.6198690] AActor::GameLayerManagerPtr = 0x118
[2026-06-06 14:17:01.6199445] AActor::HighResScreenshotDialog = 0x130
[2026-06-06 14:17:01.6200875] AActor::HardwareCursors = 0x190
[2026-06-06 14:17:01.6201793] AActor::CursorWidgets = 0x1E0
[2026-06-06 14:17:01.6202478] AActor::StatUnitData = 0x348
[2026-06-06 14:17:01.6203070] AActor::OnBeginCursorOver = 0x185
[2026-06-06 14:17:01.6203658] AActor::StatHitchesData = 0x350
[2026-06-06 14:17:01.6204546] AActor::bIgnoreInput = 0x359
[2026-06-06 14:17:01.6205550] AActor::MouseCaptureMode = 0x35A
[2026-06-06 14:17:01.6206262] AActor::bHideCursorDuringCapture = 0x35B
[2026-06-06 14:17:01.6207079] AActor::bActorEnableCollision = 0x5C
[2026-06-06 14:17:01.6208303] AActor::bIsMouseOverClient = 0x35D
[2026-06-06 14:17:01.6208974] AActor::PrimaryActorTick = 0x28
[2026-06-06 14:17:01.6209660] AActor::bActorIsBeingConstructed = 0x168
[2026-06-06 14:17:01.6210299] AActor::bNetStartup = 0x58
[2026-06-06 14:17:01.6211086] AActor::bOnlyRelevantToOwner = 0x58
[2026-06-06 14:17:01.6212271] AActor::bExchangedRoles = 0x59
[2026-06-06 14:17:01.6213225] AActor::bGenerateOverlapEventsDuringLevelStreaming = 0x5A
[2026-06-06 14:17:01.6214015] AActor::bCollideWhenPlacing = 0x5A
[2026-06-06 14:17:01.6215363] AActor::bRelevantForNetworkReplays = 0x59
[2026-06-06 14:17:01.6216167] AActor::bEnableAutoLODGeneration = 0x5A
[2026-06-06 14:17:01.6216788] AActor::bRelevantForLevelBounds = 0x59
[2026-06-06 14:17:01.6217815] AActor::bAutoDestroyWhenFinished = 0x59
[2026-06-06 14:17:01.6218844] AActor::bCanBeDamaged = 0x5A
[2026-06-06 14:17:01.6219781] AActor::bIgnoresOriginShifting = 0x5A
[2026-06-06 14:17:01.6220495] AActor::bBlockInput = 0x5A
[2026-06-06 14:17:01.6221447] AActor::bActorSeamlessTraveled = 0x5B
[2026-06-06 14:17:01.6222085] AActor::bReplicates = 0x5B
[2026-06-06 14:17:01.6222835] AActor::bCanBeInCluster = 0x5B
[2026-06-06 14:17:01.6223589] AActor::bAllowReceiveTickEventOnDedicatedServer = 0x5B
[2026-06-06 14:17:01.6224510] AActor::bNetCheckedInitialPhysicsState = 0x5B
[2026-06-06 14:17:01.6225499] AActor::bHasFinishedSpawning = 0x5B
[2026-06-06 14:17:01.6226113] AActor::bActorInitialized = 0x5B
[2026-06-06 14:17:01.6226700] AActor::bActorBeginningPlayFromLevelStreaming = 0x5B
[2026-06-06 14:17:01.6227301] AActor::bTickFunctionsRegistered = 0x5C
[2026-06-06 14:17:01.6228221] AActor::AttachmentReplication = 0xA0
[2026-06-06 14:17:01.6228816] AActor::bHasDeferredComponentRegistration = 0x5C
[2026-06-06 14:17:01.6229407] AActor::bRunningUserConstructionScript = 0x5C
[2026-06-06 14:17:01.6229990] AActor::bActorIsBeingDestroyed = 0x5C
[2026-06-06 14:17:01.6230576] AActor::bActorWantsDestroyDuringBeginPlay = 0x5C
[2026-06-06 14:17:01.6231407] AActor::UpdateOverlapsMethodDuringLevelStreaming = 0x5D
[2026-06-06 14:17:01.6233002] AActor::DefaultUpdateOverlapsMethodDuringLevelStreaming = 0x5E
[2026-06-06 14:17:01.6234113] AActor::RemoteRole = 0x5F
[2026-06-06 14:17:01.6234992] AActor::ReplicatedMovement = 0x60
[2026-06-06 14:17:01.6235713] AActor::InitialLifeSpan = 0x94
[2026-06-06 14:17:01.6236378] AActor::CustomTimeDilation = 0x98
[2026-06-06 14:17:01.6236971] AActor::CreationTime = 0x9C
[2026-06-06 14:17:01.6237810] AActor::Owner = 0xE0
[2026-06-06 14:17:01.6239334] AActor::NetDormancy = 0xF1
[2026-06-06 14:17:01.6240374] AActor::NetDriverName = 0xE8
[2026-06-06 14:17:01.6241544] AActor::Role = 0xF0
[2026-06-06 14:17:01.6242471] AActor::SpawnCollisionHandlingMethod = 0xF2
[2026-06-06 14:17:01.6243466] AActor::InputComponent = 0xF8
[2026-06-06 14:17:01.6244721] AActor::NetCullDistanceSquared = 0x100
[2026-06-06 14:17:01.6245580] AActor::NetTag = 0x104
[2026-06-06 14:17:01.6246352] AActor::NetUpdateFrequency = 0x108
[2026-06-06 14:17:01.6247098] AActor::MinNetUpdateFrequency = 0x10C
[2026-06-06 14:17:01.6248515] AActor::NetPriority = 0x110
[2026-06-06 14:17:01.6249908] AActor::LastRenderTime = 0x114
[2026-06-06 14:17:01.6250913] AActor::Children = 0x120
[2026-06-06 14:17:01.6251859] AActor::RootComponent = 0x130
[2026-06-06 14:17:01.6252735] AActor::ControllingMatineeActors = 0x138
[2026-06-06 14:17:01.6253546] AActor::TimerHandle_LifeSpanExpired = 0x148
[2026-06-06 14:17:01.6254408] AActor::Layers = 0x150
[2026-06-06 14:17:01.6255416] AActor::ParentComponent = 0x160
[2026-06-06 14:17:01.6256186] AActor::Tags = 0x170
[2026-06-06 14:17:01.6256862] AActor::OnTakeAnyDamage = 0x180
[2026-06-06 14:17:01.6257658] AActor::OnTakePointDamage = 0x181
[2026-06-06 14:17:01.6258328] AActor::OnTakeRadialDamage = 0x182
[2026-06-06 14:17:01.6259005] AActor::OnActorBeginOverlap = 0x183
[2026-06-06 14:17:01.6259740] AActor::OnActorEndOverlap = 0x184
[2026-06-06 14:17:01.6260409] AActor::OnEndCursorOver = 0x186
[2026-06-06 14:17:01.6261105] AActor::OnClicked = 0x187
[2026-06-06 14:17:01.6261926] AActor::OnReleased = 0x188
[2026-06-06 14:17:01.6262908] AActor::OnInputTouchBegin = 0x189
[2026-06-06 14:17:01.6264545] AActor::OnInputTouchEnd = 0x18A
[2026-06-06 14:17:01.6265592] AActor::OnInputTouchEnter = 0x18B
[2026-06-06 14:17:01.6266761] AActor::OnInputTouchLeave = 0x18C
[2026-06-06 14:17:01.6267749] AActor::OnActorHit = 0x18D
[2026-06-06 14:17:01.6268540] AActor::OnDestroyed = 0x18E
[2026-06-06 14:17:01.6269479] AActor::DetachFence = 0x210
[2026-06-06 14:17:01.6270504] AGameModeBase::OptionsString = 0x220
[2026-06-06 14:17:01.6271718] AGameModeBase::ServerStatReplicator = 0x288
[2026-06-06 14:17:01.6272748] AGameModeBase::GameSessionClass = 0x230
[2026-06-06 14:17:01.6273685] AGameModeBase::PlayerStateClass = 0x248
[2026-06-06 14:17:01.6274499] AGameModeBase::HUDClass = 0x250
[2026-06-06 14:17:01.6275530] AGameModeBase::SpectatorClass = 0x260
[2026-06-06 14:17:01.6276500] AGameModeBase::GameSession = 0x278
[2026-06-06 14:17:01.6277413] AGameModeBase::ServerStatReplicatorClass = 0x270
[2026-06-06 14:17:01.6278617] AGameModeBase::DefaultPlayerName = 0x290
[2026-06-06 14:17:01.6279432] AGameModeBase::bUseSeamlessTravel = 0x2A8
[2026-06-06 14:17:01.6280202] AGameModeBase::bStartPlayersAsSpectators = 0x2A8
[2026-06-06 14:17:01.6281049] AGameModeBase::bPauseable = 0x2A8
[2026-06-06 14:17:01.6282158] AGameModeBase::UEP_TotalSize = 0x2C0
[2026-06-06 14:17:01.6284943] AGameMode::NumBots = 0x2D4
[2026-06-06 14:17:01.6287073] AGameMode::MatchState = 0x2C0
[2026-06-06 14:17:01.6288186] AGameMode::NumSpectators = 0x2CC
[2026-06-06 14:17:01.6288989] AGameMode::NumPlayers = 0x2D0
[2026-06-06 14:17:01.6289598] AGameMode::bDelayedStart = 0x2C8
[2026-06-06 14:17:01.6290713] AGameMode::MinRespawnDelay = 0x2D8
[2026-06-06 14:17:01.6291322] AGameMode::EngineMessageClass = 0x2E0
[2026-06-06 14:17:01.6291907] AGameMode::NumTravellingPlayers = 0x2DC
[2026-06-06 14:17:01.6292573] AGameMode::InactivePlayerArray = 0x2E8
[2026-06-06 14:17:01.6293228] AGameMode::InactivePlayerStateLifeSpan = 0x2F8
[2026-06-06 14:17:01.6294134] AGameMode::MaxInactivePlayers = 0x2FC
[2026-06-06 14:17:01.6294962] AGameMode::bHandleDedicatedServerReplays = 0x300
[2026-06-06 14:17:01.6295758] AGameMode::UEP_TotalSize = 0x308
[2026-06-06 14:17:01.6296367] UEngine::NamePrivate = 0x18
[2026-06-06 14:17:01.6297339] UEngine::ObjectFlags = 0x8
[2026-06-06 14:17:01.6297922] UEngine::World = 0x78
[2026-06-06 14:17:01.6298485] UEngine::ActiveSplitscreenType = 0x70
[2026-06-06 14:17:01.6299056] UEngine::ViewportConsole = 0x40
[2026-06-06 14:17:01.6300157] UEngine::bUseSoftwareCursorWidgets = 0x230
[2026-06-06 14:17:01.6300890] UEngine::ClassPrivate = 0x10
[2026-06-06 14:17:01.6301551] UEngine::bNetLoadOnClient = 0x59
[2026-06-06 14:17:01.6302130] UEngine::InternalIndex_Private = 0xC
[2026-06-06 14:17:01.6302707] UEngine::bAllowTickBeforeBeginPlay = 0x59
[2026-06-06 14:17:01.6303374] UEngine::InputPriority = 0xF4
[2026-06-06 14:17:01.6303943] UEngine::bForceNetAddressable = 0x58
[2026-06-06 14:17:01.6304512] UEngine::bDisableSplitScreenOverride = 0x358
[2026-06-06 14:17:01.6305077] UEngine::Window = 0xF8
[2026-06-06 14:17:01.6305633] UEngine::OuterPrivate = 0x20
[2026-06-06 14:17:01.6306250] UEngine::bAlwaysRelevant = 0x58
[2026-06-06 14:17:01.6306827] UEngine::HardwareCursorCache = 0x140
[2026-06-06 14:17:01.6307410] UEngine::DebugProperties = 0x48
[2026-06-06 14:17:01.6308087] UEngine::bReplayRewindable = 0x59
[2026-06-06 14:17:01.6309559] UEngine::bHidden = 0x58
[2026-06-06 14:17:01.6310291] UEngine::CurrentBufferVisualizationMode = 0x128
[2026-06-06 14:17:01.6310898] UEngine::UEP_TotalSize = 0x28
[2026-06-06 14:17:01.6311599] UEngine::SplitscreenInfo = 0x58
[2026-06-06 14:17:01.6312412] UEngine::ViewportOverlayWidget = 0x108
[2026-06-06 14:17:01.6313700] UEngine::OnEndPlay = 0x18F
[2026-06-06 14:17:01.6314509] UEngine::bHasAudioFocus = 0xF4
[2026-06-06 14:17:01.6315603] UEngine::MaxSplitscreenPlayers = 0x68
[2026-06-06 14:17:01.6316664] UEngine::bIsEditorOnlyActor = 0x5A
[2026-06-06 14:17:01.6317611] UEngine::ActorHasBegunPlay = 0x5C
[2026-06-06 14:17:01.6318778] UEngine::bNetTemporary = 0x58
[2026-06-06 14:17:01.6319465] UEngine::bShowTitleSafeZone = 0x6C
[2026-06-06 14:17:01.6320071] UEngine::bIsPlayInEditorViewport = 0x6C
[2026-06-06 14:17:01.6320774] UEngine::bDisableWorldRendering = 0x6C
[2026-06-06 14:17:01.6321912] UEngine::bTearOff = 0x58
[2026-06-06 14:17:01.6322572] UEngine::bSuppressTransitionMessage = 0x88
[2026-06-06 14:17:01.6323153] UEngine::bReplicateMovement = 0x58
[2026-06-06 14:17:01.6323706] UEngine::ViewModeIndex = 0xB0
[2026-06-06 14:17:01.6324463] UEngine::bNetUseOwnerRelevancy = 0x59
[2026-06-06 14:17:01.6325109] UEngine::AutoReceiveInput = 0xF3
[2026-06-06 14:17:01.6326257] UEngine::EngineShowFlags = 0xB8
[2026-06-06 14:17:01.6327334] UEngine::Viewport = 0xE0
[2026-06-06 14:17:01.6328539] UEngine::bFindCameraComponentWhenViewTarget = 0x5A
[2026-06-06 14:17:01.6329476] UEngine::MouseLockMode = 0x35C
[2026-06-06 14:17:01.6330208] UEngine::ViewportFrame = 0xE8
[2026-06-06 14:17:01.6330850] UEngine::AudioDeviceHandle = 0xF0
[2026-06-06 14:17:01.6331454] UEngine::GameLayerManagerPtr = 0x118
[2026-06-06 14:17:01.6332287] UEngine::HighResScreenshotDialog = 0x130
[2026-06-06 14:17:01.6333390] UEngine::HardwareCursors = 0x190
[2026-06-06 14:17:01.6334154] UEngine::CursorWidgets = 0x1E0
[2026-06-06 14:17:01.6334844] UEngine::StatUnitData = 0x348
[2026-06-06 14:17:01.6335592] UEngine::OnBeginCursorOver = 0x185
[2026-06-06 14:17:01.6336146] UEngine::StatHitchesData = 0x350
[2026-06-06 14:17:01.6337375] UEngine::bIgnoreInput = 0x359
[2026-06-06 14:17:01.6338025] UEngine::MouseCaptureMode = 0x35A
[2026-06-06 14:17:01.6338762] UEngine::bHideCursorDuringCapture = 0x35B
[2026-06-06 14:17:01.6339629] UEngine::bActorEnableCollision = 0x5C
[2026-06-06 14:17:01.6340463] UEngine::bIsMouseOverClient = 0x35D
[2026-06-06 14:17:01.6357232] UEngine::PrimaryActorTick = 0x28
[2026-06-06 14:17:01.6358617] UEngine::bActorIsBeingConstructed = 0x168
[2026-06-06 14:17:01.6359425] UEngine::bNetStartup = 0x58
[2026-06-06 14:17:01.6360127] UEngine::bOnlyRelevantToOwner = 0x58
[2026-06-06 14:17:01.6361715] UEngine::bExchangedRoles = 0x59
[2026-06-06 14:17:01.6362397] UEngine::bGenerateOverlapEventsDuringLevelStreaming = 0x5A
[2026-06-06 14:17:01.6363054] UEngine::bCollideWhenPlacing = 0x5A
[2026-06-06 14:17:01.6363678] UEngine::bRelevantForNetworkReplays = 0x59
[2026-06-06 14:17:01.6364766] UEngine::bEnableAutoLODGeneration = 0x5A
[2026-06-06 14:17:01.6365818] UEngine::bRelevantForLevelBounds = 0x59
[2026-06-06 14:17:01.6367344] UEngine::bAutoDestroyWhenFinished = 0x59
[2026-06-06 14:17:01.6368082] UEngine::bCanBeDamaged = 0x5A
[2026-06-06 14:17:01.6368849] UEngine::bIgnoresOriginShifting = 0x5A
[2026-06-06 14:17:01.6370244] UEngine::bBlockInput = 0x5A
[2026-06-06 14:17:01.6372652] UEngine::bActorSeamlessTraveled = 0x5B
[2026-06-06 14:17:01.6374157] UEngine::bReplicates = 0x5B
[2026-06-06 14:17:01.6381750] UEngine::bCanBeInCluster = 0x5B
[2026-06-06 14:17:01.6383324] UEngine::bAllowReceiveTickEventOnDedicatedServer = 0x5B
[2026-06-06 14:17:01.6395825] UEngine::bNetCheckedInitialPhysicsState = 0x5B
[2026-06-06 14:17:01.6399727] UEngine::bHasFinishedSpawning = 0x5B
[2026-06-06 14:17:01.6402389] UEngine::bActorInitialized = 0x5B
[2026-06-06 14:17:01.6406823] UEngine::bActorBeginningPlayFromLevelStreaming = 0x5B
[2026-06-06 14:17:01.6471746] UEngine::bTickFunctionsRegistered = 0x5C
[2026-06-06 14:17:01.6475688] UEngine::AttachmentReplication = 0xA0
[2026-06-06 14:17:01.6477237] UEngine::bHasDeferredComponentRegistration = 0x5C
[2026-06-06 14:17:01.6479086] UEngine::bRunningUserConstructionScript = 0x5C
[2026-06-06 14:17:01.6480110] UEngine::bActorIsBeingDestroyed = 0x5C
[2026-06-06 14:17:01.6481352] UEngine::bActorWantsDestroyDuringBeginPlay = 0x5C
[2026-06-06 14:17:01.6482293] UEngine::UpdateOverlapsMethodDuringLevelStreaming = 0x5D
[2026-06-06 14:17:01.6483787] UEngine::DefaultUpdateOverlapsMethodDuringLevelStreaming = 0x5E
[2026-06-06 14:17:01.6484743] UEngine::RemoteRole = 0x5F
[2026-06-06 14:17:01.6486213] UEngine::ReplicatedMovement = 0x60
[2026-06-06 14:17:01.6487082] UEngine::InitialLifeSpan = 0x94
[2026-06-06 14:17:01.6487861] UEngine::CustomTimeDilation = 0x98
[2026-06-06 14:17:01.6488715] UEngine::CreationTime = 0x9C
[2026-06-06 14:17:01.6489398] UEngine::Owner = 0xE0
[2026-06-06 14:17:01.6490173] UEngine::NetDormancy = 0xF1
[2026-06-06 14:17:01.6502831] UEngine::NetDriverName = 0xE8
[2026-06-06 14:17:01.6504127] UEngine::Role = 0xF0
[2026-06-06 14:17:01.6504943] UEngine::SpawnCollisionHandlingMethod = 0xF2
[2026-06-06 14:17:01.6505660] UEngine::InputComponent = 0xF8
[2026-06-06 14:17:01.6506608] UEngine::NetCullDistanceSquared = 0x100
[2026-06-06 14:17:01.6507920] UEngine::NetTag = 0x104
[2026-06-06 14:17:01.6508854] UEngine::NetUpdateFrequency = 0x108
[2026-06-06 14:17:01.6509814] UEngine::MinNetUpdateFrequency = 0x10C
[2026-06-06 14:17:01.6510603] UEngine::NetPriority = 0x110
[2026-06-06 14:17:01.6511436] UEngine::LastRenderTime = 0x114
[2026-06-06 14:17:01.6512292] UEngine::Children = 0x120
[2026-06-06 14:17:01.6513129] UEngine::RootComponent = 0x130
[2026-06-06 14:17:01.6513891] UEngine::ControllingMatineeActors = 0x138
[2026-06-06 14:17:01.6514728] UEngine::TimerHandle_LifeSpanExpired = 0x148
[2026-06-06 14:17:01.6515405] UEngine::Layers = 0x150
[2026-06-06 14:17:01.6516112] UEngine::ParentComponent = 0x160
[2026-06-06 14:17:01.6516783] UEngine::Tags = 0x170
[2026-06-06 14:17:01.6517579] UEngine::OnTakeAnyDamage = 0x180
[2026-06-06 14:17:01.6518467] UEngine::OnTakePointDamage = 0x181
[2026-06-06 14:17:01.6519204] UEngine::OnTakeRadialDamage = 0x182
[2026-06-06 14:17:01.6519869] UEngine::OnActorBeginOverlap = 0x183
[2026-06-06 14:17:01.6520970] UEngine::OnActorEndOverlap = 0x184
[2026-06-06 14:17:01.6521727] UEngine::OnEndCursorOver = 0x186
[2026-06-06 14:17:01.6522399] UEngine::OnClicked = 0x187
[2026-06-06 14:17:01.6523151] UEngine::OnReleased = 0x188
[2026-06-06 14:17:01.6523926] UEngine::OnInputTouchBegin = 0x189
[2026-06-06 14:17:01.6524671] UEngine::OnInputTouchEnd = 0x18A
[2026-06-06 14:17:01.6525655] UEngine::OnInputTouchEnter = 0x18B
[2026-06-06 14:17:01.6526492] UEngine::OnInputTouchLeave = 0x18C
[2026-06-06 14:17:01.6527160] UEngine::OnActorHit = 0x18D
[2026-06-06 14:17:01.6527772] UEngine::OnDestroyed = 0x18E
[2026-06-06 14:17:01.6528666] UEngine::DetachFence = 0x210
[2026-06-06 14:17:01.6529488] UGameViewportClient::NamePrivate = 0x18
[2026-06-06 14:17:01.6530209] UGameViewportClient::ObjectFlags = 0x8
[2026-06-06 14:17:01.6531015] UGameViewportClient::World = 0x78
[2026-06-06 14:17:01.6532262] UGameViewportClient::ActiveSplitscreenType = 0x70
[2026-06-06 14:17:01.6533881] UGameViewportClient::ViewportConsole = 0x40
[2026-06-06 14:17:01.6534997] UGameViewportClient::bUseSoftwareCursorWidgets = 0x230
[2026-06-06 14:17:01.6535935] UGameViewportClient::ClassPrivate = 0x10
[2026-06-06 14:17:01.6537456] UGameViewportClient::bNetLoadOnClient = 0x59
[2026-06-06 14:17:01.6538360] UGameViewportClient::InternalIndex_Private = 0xC
[2026-06-06 14:17:01.6539174] UGameViewportClient::bAllowTickBeforeBeginPlay = 0x59
[2026-06-06 14:17:01.6540017] UGameViewportClient::InputPriority = 0xF4
[2026-06-06 14:17:01.6541059] UGameViewportClient::bForceNetAddressable = 0x58
[2026-06-06 14:17:01.6542469] UGameViewportClient::bDisableSplitScreenOverride = 0x358
[2026-06-06 14:17:01.6543996] UGameViewportClient::Window = 0xF8
[2026-06-06 14:17:01.6545059] UGameViewportClient::OuterPrivate = 0x20
[2026-06-06 14:17:01.6546843] UGameViewportClient::bAlwaysRelevant = 0x58
[2026-06-06 14:17:01.6548080] UGameViewportClient::HardwareCursorCache = 0x140
[2026-06-06 14:17:01.6549116] UGameViewportClient::DebugProperties = 0x48
[2026-06-06 14:17:01.6550279] UGameViewportClient::bReplayRewindable = 0x59
[2026-06-06 14:17:01.6551097] UGameViewportClient::bHidden = 0x58
[2026-06-06 14:17:01.6552121] UGameViewportClient::CurrentBufferVisualizationMode = 0x128
[2026-06-06 14:17:01.6553171] UGameViewportClient::UEP_TotalSize = 0x28
[2026-06-06 14:17:01.6554279] UGameViewportClient::SplitscreenInfo = 0x58
[2026-06-06 14:17:01.6555060] UGameViewportClient::ViewportOverlayWidget = 0x108
[2026-06-06 14:17:01.6556292] UGameViewportClient::OnEndPlay = 0x18F
[2026-06-06 14:17:01.6557196] UGameViewportClient::bHasAudioFocus = 0xF4
[2026-06-06 14:17:01.6558042] UGameViewportClient::MaxSplitscreenPlayers = 0x68
[2026-06-06 14:17:01.6558928] UGameViewportClient::bIsEditorOnlyActor = 0x5A
[2026-06-06 14:17:01.6559748] UGameViewportClient::ActorHasBegunPlay = 0x5C
[2026-06-06 14:17:01.6560712] UGameViewportClient::bNetTemporary = 0x58
[2026-06-06 14:17:01.6561838] UGameViewportClient::bShowTitleSafeZone = 0x6C
[2026-06-06 14:17:01.6562495] UGameViewportClient::bIsPlayInEditorViewport = 0x6C
[2026-06-06 14:17:01.6563409] UGameViewportClient::bDisableWorldRendering = 0x6C
[2026-06-06 14:17:01.6564632] UGameViewportClient::bTearOff = 0x58
[2026-06-06 14:17:01.6565280] UGameViewportClient::bSuppressTransitionMessage = 0x88
[2026-06-06 14:17:01.6566393] UGameViewportClient::bReplicateMovement = 0x58
[2026-06-06 14:17:01.6567109] UGameViewportClient::ViewModeIndex = 0xB0
[2026-06-06 14:17:01.6567726] UGameViewportClient::bNetUseOwnerRelevancy = 0x59
[2026-06-06 14:17:01.6568584] UGameViewportClient::AutoReceiveInput = 0xF3
[2026-06-06 14:17:01.6569456] UGameViewportClient::EngineShowFlags = 0xB8
[2026-06-06 14:17:01.6570385] UGameViewportClient::Viewport = 0xE0
[2026-06-06 14:17:01.6571044] UGameViewportClient::bFindCameraComponentWhenViewTarget = 0x5A
[2026-06-06 14:17:01.6572134] UGameViewportClient::MouseLockMode = 0x35C
[2026-06-06 14:17:01.6573564] UGameViewportClient::ViewportFrame = 0xE8
[2026-06-06 14:17:01.6574379] UGameViewportClient::AudioDeviceHandle = 0xF0
[2026-06-06 14:17:01.6575338] UGameViewportClient::GameLayerManagerPtr = 0x118
[2026-06-06 14:17:01.6576325] UGameViewportClient::HighResScreenshotDialog = 0x130
[2026-06-06 14:17:01.6577371] UGameViewportClient::HardwareCursors = 0x190
[2026-06-06 14:17:01.6578646] UGameViewportClient::CursorWidgets = 0x1E0
[2026-06-06 14:17:01.6580274] UGameViewportClient::StatUnitData = 0x348
[2026-06-06 14:17:01.6581639] UGameViewportClient::OnBeginCursorOver = 0x185
[2026-06-06 14:17:01.6582705] UGameViewportClient::StatHitchesData = 0x350
[2026-06-06 14:17:01.6583675] UGameViewportClient::bIgnoreInput = 0x359
[2026-06-06 14:17:01.6584446] UGameViewportClient::MouseCaptureMode = 0x35A
[2026-06-06 14:17:01.6585442] UGameViewportClient::bHideCursorDuringCapture = 0x35B
[2026-06-06 14:17:01.6586418] UGameViewportClient::bActorEnableCollision = 0x5C
[2026-06-06 14:17:01.6587413] UGameViewportClient::bIsMouseOverClient = 0x35D
[2026-06-06 14:17:01.6588576] UGameViewportClient::PrimaryActorTick = 0x28
[2026-06-06 14:17:01.6589478] UGameViewportClient::bActorIsBeingConstructed = 0x168
[2026-06-06 14:17:01.6590376] UGameViewportClient::bNetStartup = 0x58
[2026-06-06 14:17:01.6591348] UGameViewportClient::bOnlyRelevantToOwner = 0x58
[2026-06-06 14:17:01.6592361] UGameViewportClient::bExchangedRoles = 0x59
[2026-06-06 14:17:01.6593215] UGameViewportClient::bGenerateOverlapEventsDuringLevelStreaming = 0x5A
[2026-06-06 14:17:01.6594177] UGameViewportClient::bCollideWhenPlacing = 0x5A
[2026-06-06 14:17:01.6594973] UGameViewportClient::bRelevantForNetworkReplays = 0x59
[2026-06-06 14:17:01.6595675] UGameViewportClient::bEnableAutoLODGeneration = 0x5A
[2026-06-06 14:17:01.6596982] UGameViewportClient::bRelevantForLevelBounds = 0x59
[2026-06-06 14:17:01.6597901] UGameViewportClient::bAutoDestroyWhenFinished = 0x59
[2026-06-06 14:17:01.6598780] UGameViewportClient::bCanBeDamaged = 0x5A
[2026-06-06 14:17:01.6599833] UGameViewportClient::bIgnoresOriginShifting = 0x5A
[2026-06-06 14:17:01.6600629] UGameViewportClient::bBlockInput = 0x5A
[2026-06-06 14:17:01.6602088] UGameViewportClient::bActorSeamlessTraveled = 0x5B
[2026-06-06 14:17:01.6602751] UGameViewportClient::bReplicates = 0x5B
[2026-06-06 14:17:01.6603647] UGameViewportClient::bCanBeInCluster = 0x5B
[2026-06-06 14:17:01.6604448] UGameViewportClient::bAllowReceiveTickEventOnDedicatedServer = 0x5B
[2026-06-06 14:17:01.6605368] UGameViewportClient::bNetCheckedInitialPhysicsState = 0x5B
[2026-06-06 14:17:01.6606461] UGameViewportClient::bHasFinishedSpawning = 0x5B
[2026-06-06 14:17:01.6607335] UGameViewportClient::bActorInitialized = 0x5B
[2026-06-06 14:17:01.6608659] UGameViewportClient::bActorBeginningPlayFromLevelStreaming = 0x5B
[2026-06-06 14:17:01.6609661] UGameViewportClient::bTickFunctionsRegistered = 0x5C
[2026-06-06 14:17:01.6611016] UGameViewportClient::AttachmentReplication = 0xA0
[2026-06-06 14:17:01.6612092] UGameViewportClient::bHasDeferredComponentRegistration = 0x5C
[2026-06-06 14:17:01.6613018] UGameViewportClient::bRunningUserConstructionScript = 0x5C
[2026-06-06 14:17:01.6614183] UGameViewportClient::bActorIsBeingDestroyed = 0x5C
[2026-06-06 14:17:01.6614973] UGameViewportClient::bActorWantsDestroyDuringBeginPlay = 0x5C
[2026-06-06 14:17:01.6618467] UGameViewportClient::UpdateOverlapsMethodDuringLevelStreaming = 0x5D
[2026-06-06 14:17:01.6621076] UGameViewportClient::DefaultUpdateOverlapsMethodDuringLevelStreaming = 0x5E
[2026-06-06 14:17:01.6622595] UGameViewportClient::RemoteRole = 0x5F
[2026-06-06 14:17:01.6623988] UGameViewportClient::ReplicatedMovement = 0x60
[2026-06-06 14:17:01.6624880] UGameViewportClient::InitialLifeSpan = 0x94
[2026-06-06 14:17:01.6626014] UGameViewportClient::CustomTimeDilation = 0x98
[2026-06-06 14:17:01.6627339] UGameViewportClient::CreationTime = 0x9C
[2026-06-06 14:17:01.6628032] UGameViewportClient::Owner = 0xE0
[2026-06-06 14:17:01.6628671] UGameViewportClient::NetDormancy = 0xF1
[2026-06-06 14:17:01.6629736] UGameViewportClient::NetDriverName = 0xE8
[2026-06-06 14:17:01.6631343] UGameViewportClient::Role = 0xF0
[2026-06-06 14:17:01.6632413] UGameViewportClient::SpawnCollisionHandlingMethod = 0xF2
[2026-06-06 14:17:01.6633359] UGameViewportClient::InputComponent = 0xF8
[2026-06-06 14:17:01.6634699] UGameViewportClient::NetCullDistanceSquared = 0x100
[2026-06-06 14:17:01.6635395] UGameViewportClient::NetTag = 0x104
[2026-06-06 14:17:01.6636221] UGameViewportClient::NetUpdateFrequency = 0x108
[2026-06-06 14:17:01.6637059] UGameViewportClient::MinNetUpdateFrequency = 0x10C
[2026-06-06 14:17:01.6637791] UGameViewportClient::NetPriority = 0x110
[2026-06-06 14:17:01.6639045] UGameViewportClient::LastRenderTime = 0x114
[2026-06-06 14:17:01.6663794] UGameViewportClient::Children = 0x120
[2026-06-06 14:17:01.6665404] UGameViewportClient::RootComponent = 0x130
[2026-06-06 14:17:01.6667191] UGameViewportClient::ControllingMatineeActors = 0x138
[2026-06-06 14:17:01.6668437] UGameViewportClient::TimerHandle_LifeSpanExpired = 0x148
[2026-06-06 14:17:01.6669873] UGameViewportClient::Layers = 0x150
[2026-06-06 14:17:01.6671084] UGameViewportClient::ParentComponent = 0x160
[2026-06-06 14:17:01.6672036] UGameViewportClient::Tags = 0x170
[2026-06-06 14:17:01.6673163] UGameViewportClient::OnTakeAnyDamage = 0x180
[2026-06-06 14:17:01.6674480] UGameViewportClient::OnTakePointDamage = 0x181
[2026-06-06 14:17:01.6675398] UGameViewportClient::OnTakeRadialDamage = 0x182
[2026-06-06 14:17:01.6676463] UGameViewportClient::OnActorBeginOverlap = 0x183
[2026-06-06 14:17:01.6677692] UGameViewportClient::OnActorEndOverlap = 0x184
[2026-06-06 14:17:01.6678855] UGameViewportClient::OnEndCursorOver = 0x186
[2026-06-06 14:17:01.6680122] UGameViewportClient::OnClicked = 0x187
[2026-06-06 14:17:01.6681149] UGameViewportClient::OnReleased = 0x188
[2026-06-06 14:17:01.6682126] UGameViewportClient::OnInputTouchBegin = 0x189
[2026-06-06 14:17:01.6683182] UGameViewportClient::OnInputTouchEnd = 0x18A
[2026-06-06 14:17:01.6684217] UGameViewportClient::OnInputTouchEnter = 0x18B
[2026-06-06 14:17:01.6685433] UGameViewportClient::OnInputTouchLeave = 0x18C
[2026-06-06 14:17:01.6686374] UGameViewportClient::OnActorHit = 0x18D
[2026-06-06 14:17:01.6687775] UGameViewportClient::OnDestroyed = 0x18E
[2026-06-06 14:17:01.6689167] UGameViewportClient::DetachFence = 0x210
[2026-06-06 14:17:01.6690037] UPlayer::CurrentNetSpeed = 0x38
[2026-06-06 14:17:01.6690959] UPlayer::UEP_TotalSize = 0x48
[2026-06-06 14:17:01.6692067] UPlayer::ConfiguredLanSpeed = 0x40
[2026-06-06 14:17:01.6693514] UPlayer::ConfiguredInternetSpeed = 0x3C
[2026-06-06 14:17:01.6694328] ULocalPlayer::ControllerId = 0xB8
[2026-06-06 14:17:01.6695179] ULocalPlayer::CachedUniqueNetId = 0x48
[2026-06-06 14:17:01.6695924] ULocalPlayer::Size = 0x80
[2026-06-06 14:17:01.6697122] ULocalPlayer::ViewportClient = 0x70
[2026-06-06 14:17:01.6698227] ULocalPlayer::Origin = 0x78
[2026-06-06 14:17:01.6699335] ULocalPlayer::LastViewLocation = 0x88
[2026-06-06 14:17:01.6700395] ULocalPlayer::AspectRatioAxisConstraint = 0x94
[2026-06-06 14:17:01.6701873] ULocalPlayer::bSentSplitJoin = 0xA0
[2026-06-06 14:17:01.6702827] ULocalPlayer::SlateOperations = 0x1A0
[2026-06-06 14:17:01.6703808] ULocalPlayer::UEP_TotalSize = 0x258
[2026-06-06 14:17:01.6704699] UWorld::PerModuleDataObjects = 0x78
[2026-06-06 14:17:01.6705602] UWorld::ExtraReferencedObjects = 0x68
[2026-06-06 14:17:01.6706746] UWorld::bPlayersOnlyPending = 0x10D
[2026-06-06 14:17:01.6707392] UWorld::bWorldWasLoadedThisTick = 0x10B
[2026-06-06 14:17:01.6708011] UWorld::bAggressiveLOD = 0x10C
[2026-06-06 14:17:01.6708621] UWorld::StreamingLevelsPrefix = 0xC0
[2026-06-06 14:17:01.6709391] UWorld::ViewLocationsRenderedLastFrame = 0xF8
[2026-06-06 14:17:01.6710390] UWorld::UEP_TotalSize = 0x798
[2026-06-06 14:17:01.6711624] UWorld::CleanupWorldTag = 0x61C
[2026-06-06 14:17:01.6712382] UWorld::bInTick = 0x10B
[2026-06-06 14:17:01.6713002] UWorld::StreamingVolumeUpdateDelay = 0x55C
[2026-06-06 14:17:01.6714018] UWorld::bIsLevelStreamingFrozen = 0x10B
[2026-06-06 14:17:01.6714794] UWorld::bTriggerPostLoadMap = 0x10B
[2026-06-06 14:17:01.6715711] UWorld::TimeSeconds = 0x5A0
[2026-06-06 14:17:01.6716699] UWorld::bIsBuilt = 0x10B
[2026-06-06 14:17:01.6717439] UWorld::AuthorityGameMode = 0x118
[2026-06-06 14:17:01.6718629] UWorld::bTickNewlySpawned = 0x10B
[2026-06-06 14:17:01.6719555] UWorld::bPostTickComponentUpdate = 0x10B
[2026-06-06 14:17:01.6720382] UWorld::bShouldSimulatePhysics = 0x10C
[2026-06-06 14:17:01.6721166] UWorld::bIsWorldInitialized = 0x10B
[2026-06-06 14:17:01.6722034] UWorld::bDoDelayedUpdateCullDistanceVolumes = 0x10C
[2026-06-06 14:17:01.6723011] UWorld::bIsRunningConstructionScript = 0x10C
[2026-06-06 14:17:01.6723836] UWorld::bRequestedBlockOnAsyncLoading = 0x10C
[2026-06-06 14:17:01.6724647] UWorld::bDropDetail = 0x10C
[2026-06-06 14:17:01.6725486] UWorld::PlayerNum = 0x558
[2026-06-06 14:17:01.6726221] UWorld::bIsDefaultLevel = 0x10C
[2026-06-06 14:17:01.6727307] UWorld::bActorsInitialized = 0x10C
[2026-06-06 14:17:01.6728039] UWorld::bBegunPlay = 0x10D
[2026-06-06 14:17:01.6728650] UWorld::bIsCameraMoveableWhenPaused = 0x10E
[2026-06-06 14:17:01.6729253] UWorld::bMatchStarted = 0x10D
[2026-06-06 14:17:01.6729839] UWorld::DeltaTimeSeconds = 0x5B0
[2026-06-06 14:17:01.6730610] UWorld::bPlayersOnly = 0x10D
[2026-06-06 14:17:01.6731747] UWorld::bStartup = 0x10D
[2026-06-06 14:17:01.6733047] UWorld::bAreConstraintsDirty = 0x10E
[2026-06-06 14:17:01.6733774] UWorld::bIsTearingDown = 0x10D
[2026-06-06 14:17:01.6734374] UWorld::bKismetScriptError = 0x10D
[2026-06-06 14:17:01.6734958] UWorld::bDebugPauseExecution = 0x10D
[2026-06-06 14:17:01.6735552] UWorld::ActiveLevelCollectionIndex = 0x158
[2026-06-06 14:17:01.6736561] UWorld::bAllowAudioPlayback = 0x10E
[2026-06-06 14:17:01.6737228] UWorld::bRequiresHitProxies = 0x10E
[2026-06-06 14:17:01.6737907] UWorld::bShouldTick = 0x10E
[2026-06-06 14:17:01.6738825] UWorld::bStreamingDataDirty = 0x10E
[2026-06-06 14:17:01.6739776] UWorld::bShouldForceUnloadStreamingLevels = 0x10E
[2026-06-06 14:17:01.6740881] UWorld::bShouldForceVisibleStreamingLevels = 0x10E
[2026-06-06 14:17:01.6741725] UWorld::NextURL = 0x5F0
[2026-06-06 14:17:01.6742535] UWorld::RealTimeSeconds = 0x5A8
[2026-06-06 14:17:01.6743410] UWorld::bMaterialParameterCollectionInstanceNeedsDeferredUpdate = 0x10F
[2026-06-06 14:17:01.6744703] UWorld::BuildStreamingDataTimer = 0x3D0
[2026-06-06 14:17:01.6745435] UWorld::URL = 0x480
[2026-06-06 14:17:01.6746447] UWorld::LastTimeUnbuiltLightingWasEncountered = 0x598
[2026-06-06 14:17:01.6747404] UWorld::UnpausedTimeSeconds = 0x5A4
[2026-06-06 14:17:01.6748353] UWorld::CommittedPersistentLevelName = 0x610
[2026-06-06 14:17:01.6749065] UWorld::AudioTimeSeconds = 0x5AC
[2026-06-06 14:17:01.6749685] UWorld::PauseDelay = 0x5B4
[2026-06-06 14:17:01.6750474] UWorld::OriginOffsetThisFrame = 0x5D0
[2026-06-06 14:17:01.6751290] UWorld::NextSwitchCountdown = 0x5DC
[2026-06-06 14:17:01.6752319] UWorld::NumStreamingLevelsBeingLoaded = 0x5EA
[2026-06-06 14:17:01.6753089] UWorld::PreparingLevelNames = 0x600
[2026-06-06 14:17:01.6754156] UWorld::bMarkedObjectsPendingKill = 0x618
[2026-06-06 14:17:01.6754971] UDataTable::RowStruct = 0x28
[2026-06-06 14:17:01.6755798] UDataTable::RowMap = 0x30
[2026-06-06 14:17:01.6756645] UDataTable::bStripFromClientBuilds = 0x80
[2026-06-06 14:17:01.6758293] UDataTable::bIgnoreExtraFields = 0x80
[2026-06-06 14:17:01.6759229] UDataTable::bIgnoreMissingFields = 0x80
[2026-06-06 14:17:01.6760168] UDataTable::UEP_TotalSize = 0xB0
[2026-06-06 14:17:01.6761082] UDataTable::ImportKeyField = 0x88
[2026-06-06 14:17:01.6761804] FUObjectItem::Object = 0x0
[2026-06-06 14:17:01.6762503] FUObjectItem::Flags = 0x8
[2026-06-06 14:17:01.6763176] FUObjectItem::ClusterRootIndex = 0xC
[2026-06-06 14:17:01.6763865] FUObjectItem::SerialNumber = 0x10
[2026-06-06 14:17:01.6764574] FUObjectItem::UEP_TotalSize = 0x18
[2026-06-06 14:17:01.6765711] FUObjectArray::ObjFirstGCIndex = 0x0
[2026-06-06 14:17:01.6766383] FUObjectArray::ObjLastNonGCIndex = 0x4
[2026-06-06 14:17:01.6767236] FUObjectArray::MaxObjectsNotConsideredByGC = 0x8
[2026-06-06 14:17:01.6768205] FUObjectArray::ObjObjects = 0x10
[2026-06-06 14:17:01.6769918] FUObjectArray::UObjectCreateListeners = 0x68
[2026-06-06 14:17:01.6770705] FUObjectArray::OpenForDisregardForGC = 0xC
[2026-06-06 14:17:01.6771734] FUObjectArray::UObjectDeleteListeners = 0x78
[2026-06-06 14:17:01.6772416] FUObjectArray::ObjAvailableList = 0x58
[2026-06-06 14:17:01.6773329] FUObjectArray::MasterSerialNumber = 0xB0
[2026-06-06 14:17:01.6774237] FUObjectArray::UEP_TotalSize = 0xB8
[2026-06-06 14:17:01.6774922] TUObjectArray::NumChunks = 0x1C
[2026-06-06 14:17:01.6775749] TUObjectArray::Objects = 0x0
[2026-06-06 14:17:01.6776634] TUObjectArray::UEP_TotalSize = 0x20
[2026-06-06 14:17:01.6777410] TUObjectArray::PreAllocatedObjects = 0x8
[2026-06-06 14:17:01.6778344] TUObjectArray::MaxElements = 0x10
[2026-06-06 14:17:01.6778949] TUObjectArray::NumElements = 0x14
[2026-06-06 14:17:01.6779586] TUObjectArray::MaxChunks = 0x18
[2026-06-06 14:17:01.6780244] 
##### MEMBER OFFSETS END (Coalesced) #####

[2026-06-06 14:17:01.6781247] [UE4SS-ETB.EngineTick.GameThreadDispatcher] Added prehook with Id '0X2020000000000002'!
[2026-06-06 14:17:01.6782312] Unreal Engine modules (non-modular):
[2026-06-06 14:17:01.6786235] MainExe @ 0x7ff742140000 size=0x524f000
[2026-06-06 14:17:01.6787932] m_shared_functions: 0x1e19c4e3ef0
[2026-06-06 14:17:01.6795625] Input source set to: Win32Async
[2026-06-06 14:17:01.6811699] [UE4SS.LoadMap.LuaModImpl] Added prehook with Id '0X2040000000000001'!
[2026-06-06 14:17:01.6813042] [UE4SS.LoadMap.LuaModImpl] Added posthook with Id '0X40000000000002'!
[2026-06-06 14:17:01.6819171] [UE4SS.InitGameState.LuaModImpl] Added prehook with Id '0X2010000000000001'!
[2026-06-06 14:17:01.6820627] [UE4SS.InitGameState.LuaModImpl] Added posthook with Id '0X10000000000002'!
[2026-06-06 14:17:01.6826671] [UE4SS.BeginPlay.LuaModImpl] Added prehook with Id '0X2008000000000001'!
[2026-06-06 14:17:01.6827878] [UE4SS.BeginPlay.LuaModImpl] Added posthook with Id '0X8000000000002'!
[2026-06-06 14:17:01.6832567] [UE4SS.EndPlay.LuaModImpl] Added prehook with Id '0X2004000000000001'!
[2026-06-06 14:17:01.6833695] [UE4SS.EndPlay.LuaModImpl] Added posthook with Id '0X4000000000002'!
[2026-06-06 14:17:01.6834893] [UnknownMod.StaticConstructObject.PostHook] Added posthook with Id '0X1000000000000002'!
[2026-06-06 14:17:01.6948268] [UnknownMod.ULocalPlayerExec.PreHook] Added prehook with Id '0X2000400000000001'!
[2026-06-06 14:17:01.6952831] [UnknownMod.ULocalPlayerExec.PostHook] Added posthook with Id '0X400000000002'!
[2026-06-06 14:17:01.6961554] [UnknownMod.CallFunctionByNameWithArguments.PreHook] Added prehook with Id '0X2000800000000001'!
[2026-06-06 14:17:01.6963056] [UnknownMod.CallFunctionByNameWithArguments.PostHook] Added posthook with Id '0X800000000002'!
[2026-06-06 14:17:01.6969185] [UE4SS.LoadMapMP.LuaModImpl] Added prehook with Id '0X2000200000000001'!
[2026-06-06 14:17:01.6970532] [UE4SS.LoadMapMP.LuaModImpl] Added posthook with Id '0X200000000002'!
[2026-06-06 14:17:01.6975512] [UnknownMod.ProcessConsoleExec.PostHook] Added posthook with Id '0X400000000000001'!
[2026-06-06 14:17:01.6976686] [UnknownMod.ProcessConsoleExec.PreHook] Added prehook with Id '0X2400000000000002'!
[2026-06-06 14:17:01.6978081] [UnknownMod.ProcessConsoleExec.PostHook] Added posthook with Id '0X400000000000003'!
[2026-06-06 14:17:01.6978888] [UnknownMod.ProcessConsoleExec.PostHook] Added posthook with Id '0X400000000000004'!
[2026-06-06 14:17:01.6979567] [UnknownMod.ProcessConsoleExec.PostHook] Added posthook with Id '0X400000000000005'!
[2026-06-06 14:17:01.6980204] Enabling custom events
[2026-06-06 14:17:01.6984645] [UE4SS.ProcessLocalScriptFunction.LuaModImplScriptHook] Added posthook with Id '0X80000000000001'!
[2026-06-06 14:17:01.6985857] Starting mods (from mods.txt (D:\SteamLibrary\steamapps\common\EscapeTheBackrooms\EscapeTheBackrooms\Binaries\Win64\ue4ss\Mods\mods.txt) load order)...
[2026-06-06 14:17:01.6989172] Starting Lua mod 'CheatManagerEnablerMod'
[2026-06-06 14:17:01.6995822] [NotifyOnNewObject] Registered notification for /Script/Engine.PlayerController
[2026-06-06 14:17:01.6997110] Starting Lua mod 'ConsoleCommandsMod'
[2026-06-06 14:17:01.7012269] Starting Lua mod 'ConsoleEnablerMod'
[2026-06-06 14:17:01.7044350] [Lua] [ConsoleEnabler] ConsoleClass, GameViewport, or ViewportConsole is invalid
[2026-06-06 14:17:01.7046095] [NotifyOnNewObject] Registered notification for /Script/Engine.PlayerController
[2026-06-06 14:17:01.7047143] Mod 'LineTraceMod' disabled in mods.txt.
[2026-06-06 14:17:01.7048388] Starting Lua mod 'BPML_GenericFunctions'
[2026-06-06 14:17:01.7054734] Starting Lua mod 'BPModLoaderMod'
[2026-06-06 14:17:01.7101443] [Lua] [BPModLoaderMod] Mods/BPModLoaderMod/load_order.txt not present or no matching mods, loading all BP mods in random order.
[2026-06-06 14:17:01.7108976] Starting Lua mod 'GUIAutoLauncherMod'
[2026-06-06 14:17:01.7984201] [Lua] [GUIAutoLauncherMod] Sent launch command to GUI[2026-06-06 14:17:01.7986837] [UE4SS.EngineTick.LuaModImpl] Added prehook with Id '0X2020000000000003'!
[2026-06-06 14:17:01.7990565] Starting Lua mod 'ETBCommandsMod'
[2026-06-06 14:17:01.8011233] Starting Lua mod 'ConsoleKeybindsMod'
[2026-06-06 14:17:01.8021217] Starting Lua mod 'DropAlmondWaterSpammer'
[2026-06-06 14:17:01.8035297] [Lua] [DropAlmondWaterSpammer] Loaded. Type 'awspam menu' in the UE4SS console.
[2026-06-06 14:17:01.8036867] [Lua] [DropAlmondWaterSpammer] Current spam key: F9
[2026-06-06 14:17:01.8038164] Mod 'Keybinds' disabled in mods.txt.
[2026-06-06 14:17:01.8039356] Starting mods (from enabled.txt (D:\SteamLibrary\steamapps\common\EscapeTheBackrooms\EscapeTheBackrooms\Binaries\Win64\ue4ss\Mods), no defined load order)...
[2026-06-06 14:17:01.8042399] Event loop start
[2026-06-06 14:17:01.9765145] [Lua] [CheatManagerEnabler] Constructed CheatManager [0x1E20FA75420]
[2026-06-06 14:17:01.9767440] [Lua] [CheatManagerEnabler] Enabled CheatManager
[2026-06-06 14:17:01.9780165] [Lua] [ConsoleEnabler] ConsoleKey[1]: Tilde
[2026-06-06 14:17:01.9781906] [Lua] [ConsoleEnabler] ConsoleKey[2]: Comma
[2026-06-06 14:17:01.9783305] [Lua] [ConsoleEnabler] ConsoleKey[3]: F10
[2026-06-06 14:17:04.5745871] [FCallbackGarbageCollector] Freed invalid callbacks!
[2026-06-06 14:17:05.1700448] [Lua] [CheatManagerEnabler] Constructed CheatManager [0x1E209354980]
[2026-06-06 14:17:05.1702612] [Lua] [CheatManagerEnabler] Enabled CheatManager
[2026-06-06 14:18:27.5892106] [Lua] [CheatManagerEnabler] Constructed CheatManager [0x1E211ECD9E0]
[2026-06-06 14:18:27.5894296] [Lua] [CheatManagerEnabler] Enabled CheatManager
[2026-06-06 14:18:41.0733214] [Lua] [CheatManagerEnabler] Constructed CheatManager [0x1E216BA31C0]
[2026-06-06 14:18:41.0735333] [Lua] [CheatManagerEnabler] Enabled CheatManager
[2026-06-06 14:18:49.7392274] [Lua] [CheatManagerEnabler] Constructed CheatManager [0x1E21A124A20]
[2026-06-06 14:18:49.7394152] [Lua] [CheatManagerEnabler] Enabled CheatManager
